\BOOKMARK [1][-]{section.1}{Introducci\363n}{}% 1
\BOOKMARK [2][-]{subsection.1.1}{Modelo}{section.1}% 2
\BOOKMARK [3][-]{subsubsection.1.1.1}{Foward Propagation}{subsection.1.1}% 3
\BOOKMARK [3][-]{subsubsection.1.1.2}{Foward Propagation}{subsection.1.1}% 4
\BOOKMARK [1][-]{section.2}{Diagrama de Flujo}{}% 5
\BOOKMARK [1][-]{section.3}{Resultados}{}% 6
\BOOKMARK [2][-]{subsection.3.1}{Polinomio 1}{section.3}% 7
\BOOKMARK [2][-]{subsection.3.2}{Inputs}{section.3}% 8
\BOOKMARK [2][-]{subsection.3.3}{Targets}{section.3}% 9
\BOOKMARK [3][-]{subsubsection.3.3.1}{Datos}{subsection.3.3}% 10
\BOOKMARK [2][-]{subsection.3.4}{Resultado}{section.3}% 11
\BOOKMARK [2][-]{subsection.3.5}{Im\341genes}{section.3}% 12
\BOOKMARK [2][-]{subsection.3.6}{Polinomio 2}{section.3}% 13
\BOOKMARK [2][-]{subsection.3.7}{Inputs}{section.3}% 14
\BOOKMARK [2][-]{subsection.3.8}{Targets}{section.3}% 15
\BOOKMARK [3][-]{subsubsection.3.8.1}{Datos}{subsection.3.8}% 16
\BOOKMARK [2][-]{subsection.3.9}{Resultado}{section.3}% 17
\BOOKMARK [2][-]{subsection.3.10}{Im\341genes}{section.3}% 18
\BOOKMARK [2][-]{subsection.3.11}{Polinomio 3}{section.3}% 19
\BOOKMARK [2][-]{subsection.3.12}{Inputs}{section.3}% 20
\BOOKMARK [2][-]{subsection.3.13}{Targets}{section.3}% 21
\BOOKMARK [3][-]{subsubsection.3.13.1}{Datos}{subsection.3.13}% 22
\BOOKMARK [2][-]{subsection.3.14}{Resultado}{section.3}% 23
\BOOKMARK [2][-]{subsection.3.15}{Im\341genes}{section.3}% 24
\BOOKMARK [2][-]{subsection.3.16}{Polinomio MLP}{section.3}% 25
\BOOKMARK [2][-]{subsection.3.17}{Inputs}{section.3}% 26
\BOOKMARK [2][-]{subsection.3.18}{Targets}{section.3}% 27
\BOOKMARK [3][-]{subsubsection.3.18.1}{Datos}{subsection.3.18}% 28
\BOOKMARK [2][-]{subsection.3.19}{Resultado}{section.3}% 29
\BOOKMARK [2][-]{subsection.3.20}{Im\341genes}{section.3}% 30
\BOOKMARK [1][-]{section.4}{Discusi\363n de Resultados}{}% 31
\BOOKMARK [1][-]{section.5}{Conclusiones}{}% 32
\BOOKMARK [1][-]{section.6}{Referencias}{}% 33
\BOOKMARK [1][-]{section.7}{Ap\351ndice}{}% 34
