\BOOKMARK [1][-]{section.1}{Introducci\363n}{}% 1
\BOOKMARK [2][-]{subsection.1.1}{Modelo}{section.1}% 2
\BOOKMARK [1][-]{section.2}{Diagrama de Flujo}{}% 3
\BOOKMARK [1][-]{section.3}{Resultados}{}% 4
\BOOKMARK [2][-]{subsection.3.1}{Ejemplo 1}{section.3}% 5
\BOOKMARK [3][-]{subsubsection.3.1.1}{Datos}{subsection.3.1}% 6
\BOOKMARK [2][-]{subsection.3.2}{Resultado}{section.3}% 7
\BOOKMARK [2][-]{subsection.3.3}{Consola}{section.3}% 8
\BOOKMARK [2][-]{subsection.3.4}{Parametros Finales}{section.3}% 9
\BOOKMARK [2][-]{subsection.3.5}{Im\341genes}{section.3}% 10
\BOOKMARK [2][-]{subsection.3.6}{Ejemplo 2}{section.3}% 11
\BOOKMARK [3][-]{subsubsection.3.6.1}{Datos}{subsection.3.6}% 12
\BOOKMARK [2][-]{subsection.3.7}{Resultado}{section.3}% 13
\BOOKMARK [2][-]{subsection.3.8}{Consola}{section.3}% 14
\BOOKMARK [2][-]{subsection.3.9}{Parametros Finales}{section.3}% 15
\BOOKMARK [2][-]{subsection.3.10}{Im\341genes}{section.3}% 16
\BOOKMARK [2][-]{subsection.3.11}{Ejemplo 3}{section.3}% 17
\BOOKMARK [3][-]{subsubsection.3.11.1}{Datos}{subsection.3.11}% 18
\BOOKMARK [2][-]{subsection.3.12}{Resultado}{section.3}% 19
\BOOKMARK [2][-]{subsection.3.13}{Consola}{section.3}% 20
\BOOKMARK [2][-]{subsection.3.14}{Parametros Finales}{section.3}% 21
\BOOKMARK [2][-]{subsection.3.15}{Im\341genes}{section.3}% 22
\BOOKMARK [2][-]{subsection.3.16}{Ejemplo 4}{section.3}% 23
\BOOKMARK [3][-]{subsubsection.3.16.1}{Datos}{subsection.3.16}% 24
\BOOKMARK [2][-]{subsection.3.17}{Resultado}{section.3}% 25
\BOOKMARK [2][-]{subsection.3.18}{Consola}{section.3}% 26
\BOOKMARK [2][-]{subsection.3.19}{Parametros Finales}{section.3}% 27
\BOOKMARK [2][-]{subsection.3.20}{Im\341genes}{section.3}% 28
\BOOKMARK [1][-]{section.4}{Discusi\363n de Resultados}{}% 29
\BOOKMARK [1][-]{section.5}{Conclusiones}{}% 30
\BOOKMARK [1][-]{section.6}{Referencias}{}% 31
\BOOKMARK [1][-]{section.7}{Ap\351ndice}{}% 32
