\BOOKMARK [0][-]{part.1}{I Introducci\363n}{}% 1
\BOOKMARK [1][-]{section.1}{Neural Networks}{part.1}% 2
\BOOKMARK [2][-]{subsection.1.1}{Usos principales de las redes neuronales}{section.1}% 3
\BOOKMARK [2][-]{subsection.1.2}{Aproximaci\363n de Sistemas}{section.1}% 4
\BOOKMARK [2][-]{subsection.1.3}{Modelo Matem\341tico}{section.1}% 5
\BOOKMARK [2][-]{subsection.1.4}{Ecuaci\363n}{section.1}% 6
\BOOKMARK [2][-]{subsection.1.5}{Datos input-output}{section.1}% 7
\BOOKMARK [2][-]{subsection.1.6}{Buena Interpolaci\363n}{section.1}% 8
\BOOKMARK [2][-]{subsection.1.7}{Mala Interpolaci\363n}{section.1}% 9
\BOOKMARK [2][-]{subsection.1.8}{Extrapolar}{section.1}% 10
\BOOKMARK [2][-]{subsection.1.9}{Diagrama General}{section.1}% 11
\BOOKMARK [1][-]{section.2}{Tipos de Aprendizaje}{part.1}% 12
\BOOKMARK [2][-]{subsection.2.1}{Aprendizaje Supervisado}{section.2}% 13
\BOOKMARK [2][-]{subsection.2.2}{Aprendizaje no Supervisado}{section.2}% 14
\BOOKMARK [1][-]{section.3}{Predicci\363n de Series de tiempo}{part.1}% 15
\BOOKMARK [1][-]{section.4}{Control de Sistemas}{part.1}% 16
\BOOKMARK [0][-]{part.2}{II Aplicaciones de la RNA}{}% 17
\BOOKMARK [1][-]{section.5}{Reporte de Pr\341ctica}{part.2}% 18
\BOOKMARK [1][-]{section.6}{Clasificaci\363n de Objetos}{part.2}% 19
\BOOKMARK [1][-]{section.7}{Neurona Biol\363gica}{part.2}% 20
\BOOKMARK [0][-]{part.3}{III Arquitecturas de Redes}{}% 21
\BOOKMARK [1][-]{section.8}{Notaci\363n}{part.3}% 22
\BOOKMARK [1][-]{section.9}{Modelo de neurona con una entrada}{part.3}% 23
\BOOKMARK [1][-]{section.10}{Neurona con m\372ltiples entradas}{part.3}% 24
\BOOKMARK [2][-]{subsection.10.1}{\315ndices de la matriz W}{section.10}% 25
\BOOKMARK [2][-]{subsection.10.2}{Representaci\363n Gr\341fica matricial}{section.10}% 26
\BOOKMARK [1][-]{section.11}{M\372ltiples neuronas en Paralelo con m\372ltiples entradas\(Una capa\)}{part.3}% 27
\BOOKMARK [2][-]{subsection.11.1}{Diagrama Simplificado}{section.11}% 28
\BOOKMARK [2][-]{subsection.11.2}{Ejemplo con s = 1}{section.11}% 29
\BOOKMARK [3][-]{subsubsection.11.2.1}{Nota acerca de las capas}{subsection.11.2}% 30
\BOOKMARK [1][-]{section.12}{Multiples Capas de Neuronas}{part.3}% 31
\BOOKMARK [1][-]{section.13}{Arquitectura totalmente conectada \(O densa\)}{part.3}% 32
\BOOKMARK [2][-]{subsection.13.1}{Ejemplo}{section.13}% 33
\BOOKMARK [1][-]{section.14}{Multilayer Perceptron \(MLP\)}{part.3}% 34
\BOOKMARK [2][-]{subsection.14.1}{Ejemplo}{section.14}% 35
\BOOKMARK [2][-]{subsection.14.2}{Uso del MLP}{section.14}% 36
\BOOKMARK [1][-]{section.15}{Funciones de transferencia}{part.3}% 37
\BOOKMARK [2][-]{subsection.15.1}{Funci\363n Hardlim}{section.15}% 38
\BOOKMARK [2][-]{subsection.15.2}{Funci\363n Lineal}{section.15}% 39
\BOOKMARK [3][-]{subsubsection.15.2.1}{Ejemplo}{subsection.15.2}% 40
\BOOKMARK [2][-]{subsection.15.3}{Funci\363n logsigmoid}{section.15}% 41
\BOOKMARK [1][-]{section.16}{Red Hamming}{part.3}% 42
\BOOKMARK [2][-]{subsection.16.1}{Observaciones}{section.16}% 43
\BOOKMARK [2][-]{subsection.16.2}{Capa FeedForward}{section.16}% 44
\BOOKMARK [2][-]{subsection.16.3}{Capa Recurrente}{section.16}% 45
\BOOKMARK [2][-]{subsection.16.4}{Soluci\363n al problema de clasificaci\363n}{section.16}% 46
